[debug] [2025-01-26T22:03:38.549Z] ----------------------------------------------------------------------
[debug] [2025-01-26T22:03:38.552Z] Command:       /opt/homebrew/Cellar/node/23.4.0/bin/node /opt/homebrew/bin/firebase apphosting:backends:create
[debug] [2025-01-26T22:03:38.552Z] CLI Version:   13.29.2
[debug] [2025-01-26T22:03:38.552Z] Platform:      darwin
[debug] [2025-01-26T22:03:38.552Z] Node Version:  v23.4.0
[debug] [2025-01-26T22:03:38.553Z] Time:          Mon Jan 27 2025 01:03:38 GMT+0300 (GMT+03:00)
[debug] [2025-01-26T22:03:38.553Z] ----------------------------------------------------------------------
[debug] 
[debug] [2025-01-26T22:03:38.641Z] Checked if tokens are valid: true, expires at: 1737931280535
[debug] [2025-01-26T22:03:38.641Z] Checked if tokens are valid: true, expires at: 1737931280535
[debug] [2025-01-26T22:03:38.642Z] >>> [apiv2][query] GET https://serviceusage.googleapis.com/v1/projects/motoilanlari-f83d3/services/firebaseapphosting.googleapis.com [none]
[debug] [2025-01-26T22:03:38.642Z] >>> [apiv2][(partial)header] GET https://serviceusage.googleapis.com/v1/projects/motoilanlari-f83d3/services/firebaseapphosting.googleapis.com x-goog-quota-user=projects/motoilanlari-f83d3
[debug] [2025-01-26T22:03:40.120Z] <<< [apiv2][status] GET https://serviceusage.googleapis.com/v1/projects/motoilanlari-f83d3/services/firebaseapphosting.googleapis.com 200
[debug] [2025-01-26T22:03:40.121Z] <<< [apiv2][body] GET https://serviceusage.googleapis.com/v1/projects/motoilanlari-f83d3/services/firebaseapphosting.googleapis.com [omitted]
[debug] [2025-01-26T22:03:40.121Z] Checked if tokens are valid: true, expires at: 1737931280535
[debug] [2025-01-26T22:03:40.121Z] Checked if tokens are valid: true, expires at: 1737931280535
[debug] [2025-01-26T22:03:40.121Z] >>> [apiv2][query] GET https://mobilesdk-pa.googleapis.com/v1/accessmanagement/tos:getStatus [none]
[debug] [2025-01-26T22:03:40.652Z] <<< [apiv2][status] GET https://mobilesdk-pa.googleapis.com/v1/accessmanagement/tos:getStatus 200
[debug] [2025-01-26T22:03:40.653Z] <<< [apiv2][body] GET https://mobilesdk-pa.googleapis.com/v1/accessmanagement/tos:getStatus {"overallStatus":"ACCEPTED","uTosStatus":{"tos":{"id":"firebase","tosId":"FIREBASE_UNIVERSAL"},"status":"ACCEPTED"},"childTosStatus":[{"tos":{"id":"cloud","tosId":"CLOUD_PLATFORM"},"status":"ACCEPTED"},{"tos":{"id":"firebase_b2b","tosId":"FIREBASE_B2B"},"status":"ACCEPTED"},{"tos":{"id":"universal","tosId":"GOOGLE_APIS"},"status":"ACCEPTED"}],"termsUrl":"https://firebase.google.com/terms","perServiceStatus":[{"tosId":"APP_CHECK","serviceStatus":{"tos":{"id":"app_check","tosId":"APP_CHECK"},"status":"ACCEPTED"}},{"tosId":"APP_HOSTING_TOS","serviceStatus":{"tos":{"id":"app_hosting","tosId":"APP_HOSTING_TOS"},"status":"ACCEPTED"}},{"tosId":"FIREBASE_DATA_CONNECT","serviceStatus":{"tos":{"id":"data_connect","tosId":"FIREBASE_DATA_CONNECT"},"status":"ACCEPTED"}},{"tosId":"CORE_APPS","serviceStatus":{"tos":{"id":"core_apps","tosId":"CORE_APPS"},"status":"ACCEPTED"}},{"tosId":"VERTEX_AI_IN_FIREBASE","serviceStatus":{"tos":{"id":"vertex_ai_in_firebase","tosId":"VERTEX_AI_IN_FIREBASE"},"status":"TERMS_UPDATED"}},{"tosId":"FIREBASE_CRASHLYTICS_APP_DISTRIBUTION","serviceStatus":{"tos":{"id":"firebase_crashlytics_app_distribution","tosId":"FIREBASE_CRASHLYTICS_APP_DISTRIBUTION"},"status":"ACCEPTED"}},{"tosId":"GENERATIVE_LANGUAGE","serviceStatus":{"tos":{"id":"generative-language-api","tosId":"GENERATIVE_LANGUAGE"},"status":"ACCEPTED"}}]}
[debug] [2025-01-26T22:03:40.654Z] Checked if tokens are valid: true, expires at: 1737931280535
[debug] [2025-01-26T22:03:40.654Z] Checked if tokens are valid: true, expires at: 1737931280535
[debug] [2025-01-26T22:03:40.654Z] Checked if tokens are valid: true, expires at: 1737931280535
[debug] [2025-01-26T22:03:40.654Z] Checked if tokens are valid: true, expires at: 1737931280535
[debug] [2025-01-26T22:03:40.654Z] Checked if tokens are valid: true, expires at: 1737931280535
[debug] [2025-01-26T22:03:40.654Z] Checked if tokens are valid: true, expires at: 1737931280535
[debug] [2025-01-26T22:03:40.655Z] Checked if tokens are valid: true, expires at: 1737931280535
[debug] [2025-01-26T22:03:40.655Z] Checked if tokens are valid: true, expires at: 1737931280535
[debug] [2025-01-26T22:03:40.655Z] Checked if tokens are valid: true, expires at: 1737931280535
[debug] [2025-01-26T22:03:40.655Z] Checked if tokens are valid: true, expires at: 1737931280535
[debug] [2025-01-26T22:03:40.655Z] Checked if tokens are valid: true, expires at: 1737931280535
[debug] [2025-01-26T22:03:40.655Z] Checked if tokens are valid: true, expires at: 1737931280535
[debug] [2025-01-26T22:03:40.655Z] >>> [apiv2][query] GET https://serviceusage.googleapis.com/v1/projects/motoilanlari-f83d3/services/developerconnect.googleapis.com [none]
[debug] [2025-01-26T22:03:40.655Z] >>> [apiv2][(partial)header] GET https://serviceusage.googleapis.com/v1/projects/motoilanlari-f83d3/services/developerconnect.googleapis.com x-goog-quota-user=projects/motoilanlari-f83d3
[debug] [2025-01-26T22:03:40.656Z] >>> [apiv2][query] GET https://serviceusage.googleapis.com/v1/projects/motoilanlari-f83d3/services/cloudbuild.googleapis.com [none]
[debug] [2025-01-26T22:03:40.656Z] >>> [apiv2][(partial)header] GET https://serviceusage.googleapis.com/v1/projects/motoilanlari-f83d3/services/cloudbuild.googleapis.com x-goog-quota-user=projects/motoilanlari-f83d3
[debug] [2025-01-26T22:03:40.659Z] >>> [apiv2][query] GET https://serviceusage.googleapis.com/v1/projects/motoilanlari-f83d3/services/secretmanager.googleapis.com [none]
[debug] [2025-01-26T22:03:40.659Z] >>> [apiv2][(partial)header] GET https://serviceusage.googleapis.com/v1/projects/motoilanlari-f83d3/services/secretmanager.googleapis.com x-goog-quota-user=projects/motoilanlari-f83d3
[debug] [2025-01-26T22:03:40.660Z] >>> [apiv2][query] GET https://serviceusage.googleapis.com/v1/projects/motoilanlari-f83d3/services/run.googleapis.com [none]
[debug] [2025-01-26T22:03:40.661Z] >>> [apiv2][(partial)header] GET https://serviceusage.googleapis.com/v1/projects/motoilanlari-f83d3/services/run.googleapis.com x-goog-quota-user=projects/motoilanlari-f83d3
[debug] [2025-01-26T22:03:40.662Z] >>> [apiv2][query] GET https://serviceusage.googleapis.com/v1/projects/motoilanlari-f83d3/services/artifactregistry.googleapis.com [none]
[debug] [2025-01-26T22:03:40.662Z] >>> [apiv2][(partial)header] GET https://serviceusage.googleapis.com/v1/projects/motoilanlari-f83d3/services/artifactregistry.googleapis.com x-goog-quota-user=projects/motoilanlari-f83d3
[debug] [2025-01-26T22:03:40.664Z] >>> [apiv2][query] GET https://serviceusage.googleapis.com/v1/projects/motoilanlari-f83d3/services/iam.googleapis.com [none]
[debug] [2025-01-26T22:03:40.664Z] >>> [apiv2][(partial)header] GET https://serviceusage.googleapis.com/v1/projects/motoilanlari-f83d3/services/iam.googleapis.com x-goog-quota-user=projects/motoilanlari-f83d3
[debug] [2025-01-26T22:03:41.722Z] <<< [apiv2][status] GET https://serviceusage.googleapis.com/v1/projects/motoilanlari-f83d3/services/developerconnect.googleapis.com 200
[debug] [2025-01-26T22:03:41.723Z] <<< [apiv2][body] GET https://serviceusage.googleapis.com/v1/projects/motoilanlari-f83d3/services/developerconnect.googleapis.com [omitted]
[debug] [2025-01-26T22:03:41.785Z] <<< [apiv2][status] GET https://serviceusage.googleapis.com/v1/projects/motoilanlari-f83d3/services/secretmanager.googleapis.com 200
[debug] [2025-01-26T22:03:41.786Z] <<< [apiv2][body] GET https://serviceusage.googleapis.com/v1/projects/motoilanlari-f83d3/services/secretmanager.googleapis.com [omitted]
[debug] [2025-01-26T22:03:41.817Z] <<< [apiv2][status] GET https://serviceusage.googleapis.com/v1/projects/motoilanlari-f83d3/services/artifactregistry.googleapis.com 200
[debug] [2025-01-26T22:03:41.818Z] <<< [apiv2][body] GET https://serviceusage.googleapis.com/v1/projects/motoilanlari-f83d3/services/artifactregistry.googleapis.com [omitted]
[debug] [2025-01-26T22:03:41.822Z] <<< [apiv2][status] GET https://serviceusage.googleapis.com/v1/projects/motoilanlari-f83d3/services/cloudbuild.googleapis.com 200
[debug] [2025-01-26T22:03:41.822Z] <<< [apiv2][body] GET https://serviceusage.googleapis.com/v1/projects/motoilanlari-f83d3/services/cloudbuild.googleapis.com [omitted]
[debug] [2025-01-26T22:03:41.832Z] <<< [apiv2][status] GET https://serviceusage.googleapis.com/v1/projects/motoilanlari-f83d3/services/iam.googleapis.com 200
[debug] [2025-01-26T22:03:41.833Z] <<< [apiv2][body] GET https://serviceusage.googleapis.com/v1/projects/motoilanlari-f83d3/services/iam.googleapis.com [omitted]
[debug] [2025-01-26T22:03:41.834Z] <<< [apiv2][status] GET https://serviceusage.googleapis.com/v1/projects/motoilanlari-f83d3/services/run.googleapis.com 200
[debug] [2025-01-26T22:03:41.834Z] <<< [apiv2][body] GET https://serviceusage.googleapis.com/v1/projects/motoilanlari-f83d3/services/run.googleapis.com [omitted]
[debug] [2025-01-26T22:03:41.834Z] Checked if tokens are valid: true, expires at: 1737931280535
[debug] [2025-01-26T22:03:41.834Z] Checked if tokens are valid: true, expires at: 1737931280535
[debug] [2025-01-26T22:03:41.835Z] >>> [apiv2][query] POST https://iam.googleapis.com/v1/projects/motoilanlari-f83d3/serviceAccounts/firebase-app-hosting-compute@motoilanlari-f83d3.iam.gserviceaccount.com:testIamPermissions [none]
[debug] [2025-01-26T22:03:41.835Z] >>> [apiv2][(partial)header] POST https://iam.googleapis.com/v1/projects/motoilanlari-f83d3/serviceAccounts/firebase-app-hosting-compute@motoilanlari-f83d3.iam.gserviceaccount.com:testIamPermissions x-goog-quota-user=projects/motoilanlari-f83d3
[debug] [2025-01-26T22:03:41.835Z] >>> [apiv2][body] POST https://iam.googleapis.com/v1/projects/motoilanlari-f83d3/serviceAccounts/firebase-app-hosting-compute@motoilanlari-f83d3.iam.gserviceaccount.com:testIamPermissions {"permissions":["iam.serviceAccounts.actAs"]}
[debug] [2025-01-26T22:03:42.889Z] <<< [apiv2][status] POST https://iam.googleapis.com/v1/projects/motoilanlari-f83d3/serviceAccounts/firebase-app-hosting-compute@motoilanlari-f83d3.iam.gserviceaccount.com:testIamPermissions 200
[debug] [2025-01-26T22:03:42.889Z] <<< [apiv2][body] POST https://iam.googleapis.com/v1/projects/motoilanlari-f83d3/serviceAccounts/firebase-app-hosting-compute@motoilanlari-f83d3.iam.gserviceaccount.com:testIamPermissions {"permissions":["iam.serviceAccounts.actAs"]}
[debug] [2025-01-26T22:03:42.890Z] Checked if tokens are valid: true, expires at: 1737931280535
[debug] [2025-01-26T22:03:42.890Z] Checked if tokens are valid: true, expires at: 1737931280535
[debug] [2025-01-26T22:03:42.891Z] >>> [apiv2][query] GET https://firebaseapphosting.googleapis.com/v1beta/projects/motoilanlari-f83d3/locations 
[debug] [2025-01-26T22:03:44.026Z] <<< [apiv2][status] GET https://firebaseapphosting.googleapis.com/v1beta/projects/motoilanlari-f83d3/locations 200
[debug] [2025-01-26T22:03:44.027Z] <<< [apiv2][body] GET https://firebaseapphosting.googleapis.com/v1beta/projects/motoilanlari-f83d3/locations {"locations":[{"name":"projects/motoilanlari-f83d3/locations/asia-east1","locationId":"asia-east1","displayName":"Taiwan"},{"name":"projects/motoilanlari-f83d3/locations/europe-west4","locationId":"europe-west4","displayName":"Netherlands"},{"name":"projects/motoilanlari-f83d3/locations/us-central1","locationId":"us-central1","displayName":"Iowa"}]}
[debug] [2025-01-26T22:03:44.027Z] Checked if tokens are valid: true, expires at: 1737931280535
[debug] [2025-01-26T22:03:44.027Z] Checked if tokens are valid: true, expires at: 1737931280535
[debug] [2025-01-26T22:03:44.027Z] >>> [apiv2][query] GET https://firebaseapphosting.googleapis.com/v1beta/projects/motoilanlari-f83d3/locations 
[debug] [2025-01-26T22:03:44.302Z] <<< [apiv2][status] GET https://firebaseapphosting.googleapis.com/v1beta/projects/motoilanlari-f83d3/locations 200
[debug] [2025-01-26T22:03:44.303Z] <<< [apiv2][body] GET https://firebaseapphosting.googleapis.com/v1beta/projects/motoilanlari-f83d3/locations {"locations":[{"name":"projects/motoilanlari-f83d3/locations/asia-east1","locationId":"asia-east1","displayName":"Taiwan"},{"name":"projects/motoilanlari-f83d3/locations/europe-west4","locationId":"europe-west4","displayName":"Netherlands"},{"name":"projects/motoilanlari-f83d3/locations/us-central1","locationId":"us-central1","displayName":"Iowa"}]}
[info] ✔  Location set to us-central1.
 
[info] i  === Import a GitHub repository 
[debug] [2025-01-26T22:03:45.920Z] Checked if tokens are valid: true, expires at: 1737931280535
[debug] [2025-01-26T22:03:45.921Z] Checked if tokens are valid: true, expires at: 1737931280535
[debug] [2025-01-26T22:03:45.921Z] >>> [apiv2][query] GET https://developerconnect.googleapis.com/v1/projects/motoilanlari-f83d3/locations/us-central1/connections/firebase-app-hosting-github-oauth [none]
[debug] [2025-01-26T22:03:47.175Z] <<< [apiv2][status] GET https://developerconnect.googleapis.com/v1/projects/motoilanlari-f83d3/locations/us-central1/connections/firebase-app-hosting-github-oauth 200
[debug] [2025-01-26T22:03:47.175Z] <<< [apiv2][body] GET https://developerconnect.googleapis.com/v1/projects/motoilanlari-f83d3/locations/us-central1/connections/firebase-app-hosting-github-oauth {"name":"projects/motoilanlari-f83d3/locations/us-central1/connections/firebase-app-hosting-github-oauth","createTime":"2024-12-25T16:19:18.947555537Z","updateTime":"2024-12-25T16:19:19.021665366Z","githubConfig":{"githubApp":"FIREBASE"},"installationState":{"stage":"PENDING_USER_OAUTH","message":"Please log in to https://github.com using a robot account and then follow this link to authorize Developer Connect to access that account. After authorization, your GitHub authorization token will be stored in Cloud Secret Manager.","actionUri":"https://accounts.google.com/AccountChooser?continue=https%3A%2F%2Fconsole.cloud.google.com%2Fdeveloper-connect%2Ffinish-setup%3Fstate%3D%257B%2522connection%2522%253A%2B%2522projects%252Fmotoilanlari-f83d3%252Flocations%252Fus-central1%252Fconnections%252Ffirebase-app-hosting-github-oauth%2522%257D"}}
[info] i  Please authorize the Firebase GitHub app by visiting this url: 
[info] i  	http://localhost:9005 
